Using pre-set license
Built from '2021.1/release' branch; Version is '2021.1.4f1 (4cd64a618c1b) revision 5035594'; Using compiler version '192528614'; Build Type 'Release'
OS: 'Windows 10 Pro; OS build 19042.928; Version 2009; 64bit' Language: 'en' Physical Memory: 16333 MB
BatchMode: 1, IsHumanControllingUs: 0, StartBugReporterOnCrash: 0, Is64bit: 1, IsPro: 0

 COMMAND LINE ARGUMENTS:
C:\Program Files\Unity 2021.1.4f1\Editor\Unity.exe
-adb2
-batchMode
-noUpm
-name
AssetImportWorker0
-projectPath
C:/Users/20112/ComputerGraphics_1-2DGameProject
-logFile
Logs/AssetImportWorker0.log
-srvPort
58018
Successfully changed project path to: C:/Users/20112/ComputerGraphics_1-2DGameProject
C:/Users/20112/ComputerGraphics_1-2DGameProject
Using Asset Import Pipeline V2.
Refreshing native plugins compatible for Editor in 31.83 ms, found 1 plugins.
Preloading 0 native plugins for Editor in 0.00 ms.
Initialize engine version: 2021.1.4f1 (4cd64a618c1b)
[Subsystems] Discovering subsystems at path C:/Program Files/Unity 2021.1.4f1/Editor/Data/Resources/UnitySubsystems
[Subsystems] Discovering subsystems at path C:/Users/20112/ComputerGraphics_1-2DGameProject/Assets
GfxDevice: creating device client; threaded=0; jobified=0
Direct3D:
    Version:  Direct3D 11.0 [level 11.1]
    Renderer: NVIDIA GeForce GTX 1660 Ti (ID=0x2182)
    Vendor:   NVIDIA
    VRAM:     5991 MB
    Driver:   27.21.14.6611
Initialize mono
Mono path[0] = 'C:/Program Files/Unity 2021.1.4f1/Editor/Data/Managed'
Mono path[1] = 'C:/Program Files/Unity 2021.1.4f1/Editor/Data/MonoBleedingEdge/lib/mono/unityjit'
Mono config path = 'C:/Program Files/Unity 2021.1.4f1/Editor/Data/MonoBleedingEdge/etc'
Using monoOptions --debugger-agent=transport=dt_socket,embedding=1,server=y,suspend=n,address=127.0.0.1:56392
Begin MonoManager ReloadAssembly
Registering precompiled unity dll's ...
Register platform support module: C:/Program Files/Unity 2021.1.4f1/Editor/Data/PlaybackEngines/WindowsStandaloneSupport/UnityEditor.WindowsStandalone.Extensions.dll
Registered in 0.001464 seconds.
Native extension for WindowsStandalone target not found
Refreshing native plugins compatible for Editor in 32.78 ms, found 1 plugins.
Preloading 0 native plugins for Editor in 0.00 ms.
Mono: successfully reloaded assembly
- Completed reload, in  0.870 seconds
Platform modules already initialized, skipping
Registering precompiled user dll's ...
Registered in 0.000623 seconds.
Begin MonoManager ReloadAssembly
Native extension for WindowsStandalone target not found
Refreshing native plugins compatible for Editor in 32.43 ms, found 1 plugins.
Preloading 0 native plugins for Editor in 0.00 ms.
Mono: successfully reloaded assembly
- Completed reload, in  0.759 seconds
Platform modules already initialized, skipping
========================================================================
Worker process is ready to serve import requests
Launched and connected shader compiler UnityShaderCompiler.exe after 0.03 seconds
Refreshing native plugins compatible for Editor in 0.35 ms, found 1 plugins.
Preloading 0 native plugins for Editor in 0.00 ms.
Unloading 1880 Unused Serialized files (Serialized files now loaded: 0)
System memory in use before: 90.2 MB.
System memory in use after: 90.3 MB.

Unloading 19 unused Assets to reduce memory usage. Loaded Objects now: 2344.
Total: 1.856900 ms (FindLiveObjects: 0.145400 ms CreateObjectMapping: 0.041700 ms MarkObjects: 1.623700 ms  DeleteObjects: 0.045500 ms)

========================================================================
Received Import Request.
  path: Assets/Scenes/New Scene.unity
  artifactKey: Guid(90ab280dd037e574c9a8dafe87582b20) Importer(815301076,1909f56bfc062723c751e8b465ee728b)
Start importing Assets/Scenes/New Scene.unity using Guid(90ab280dd037e574c9a8dafe87582b20) Importer(815301076,1909f56bfc062723c751e8b465ee728b)  -> (artifact id: '02fd41a95cb52109609a71eb05e9bc13') in 0.013283 seconds 
========================================================================
Received Import Request.
  Time since last request: 160.457088 seconds.
  path: Assets/gamePart.unitypackage
  artifactKey: Guid(94894188598082140b1e0a397445ca06) Importer(815301076,1909f56bfc062723c751e8b465ee728b)
Start importing Assets/gamePart.unitypackage using Guid(94894188598082140b1e0a397445ca06) Importer(815301076,1909f56bfc062723c751e8b465ee728b)  -> (artifact id: '09126c1143bf9435918b7b855e801a6f') in 0.022321 seconds 
========================================================================
Received Import Request.
  Time since last request: 94.105618 seconds.
  path: Assets
  artifactKey: Guid(00000000000000001000000000000000) Importer(815301076,1909f56bfc062723c751e8b465ee728b)
Start importing Assets using Guid(00000000000000001000000000000000) Importer(815301076,1909f56bfc062723c751e8b465ee728b)  -> (artifact id: '9222b99937b918022a9cc33b6e833563') in 0.005422 seconds 
========================================================================
Received Import Request.
  Time since last request: 7.792053 seconds.
  path: Assets/Scene
  artifactKey: Guid(4a671e16aadd11442af1c78ee9792cdd) Importer(815301076,1909f56bfc062723c751e8b465ee728b)
Start importing Assets/Scene using Guid(4a671e16aadd11442af1c78ee9792cdd) Importer(815301076,1909f56bfc062723c751e8b465ee728b)  -> (artifact id: 'f8e7b9e1fa5c20c6af5c5ac20cb903f7') in 0.005294 seconds 
========================================================================
Received Import Request.
  Time since last request: 44.642302 seconds.
  path: Assets/sumPause/SampleScene
  artifactKey: Guid(6cbf1c35414fff7429a1d9d567d24ebe) Importer(815301076,1909f56bfc062723c751e8b465ee728b)
Start importing Assets/sumPause/SampleScene using Guid(6cbf1c35414fff7429a1d9d567d24ebe) Importer(815301076,1909f56bfc062723c751e8b465ee728b)  -> (artifact id: '902a6f31008732ca91ef9cbeff2fc325') in 0.005357 seconds 
========================================================================
Received Import Request.
  Time since last request: 0.267739 seconds.
  path: Assets/sumPause/SampleScene/Bouncy.physicsMaterial2D
  artifactKey: Guid(9e7c29ac6297d6548a98cd1fd852c289) Importer(815301076,1909f56bfc062723c751e8b465ee728b)
Start importing Assets/sumPause/SampleScene/Bouncy.physicsMaterial2D using Guid(9e7c29ac6297d6548a98cd1fd852c289) Importer(815301076,1909f56bfc062723c751e8b465ee728b)  -> (artifact id: '7b1818731c448bd7914b3c2cdd6e8fda') in 0.017904 seconds 
========================================================================
Received Import Request.
  Time since last request: 4.190916 seconds.
  path: Assets/sumPause/Sprites/cross 1.png
  artifactKey: Guid(0808696e0a1ca134ab71fdfbda31da5b) Importer(815301076,1909f56bfc062723c751e8b465ee728b)
Start importing Assets/sumPause/Sprites/cross 1.png using Guid(0808696e0a1ca134ab71fdfbda31da5b) Importer(815301076,1909f56bfc062723c751e8b465ee728b)  -> (artifact id: 'c40d70c5f6bded3243de9994aeb3df96') in 0.064562 seconds 
========================================================================
Received Import Request.
  Time since last request: 0.000140 seconds.
  path: Assets/sumPause/Sprites/cross.png
  artifactKey: Guid(f8d6a10ecddc536499b91726a71980d8) Importer(815301076,1909f56bfc062723c751e8b465ee728b)
Start importing Assets/sumPause/Sprites/cross.png using Guid(f8d6a10ecddc536499b91726a71980d8) Importer(815301076,1909f56bfc062723c751e8b465ee728b)  -> (artifact id: '68cc9bb448bc3cd8aa7baeb19458d632') in 0.016142 seconds 
========================================================================
Received Import Request.
  Time since last request: 0.000104 seconds.
  path: Assets/sumPause/Sprites/pause.png
  artifactKey: Guid(631cfd0c09f2f3d47ac1b4297b604a22) Importer(815301076,1909f56bfc062723c751e8b465ee728b)
Start importing Assets/sumPause/Sprites/pause.png using Guid(631cfd0c09f2f3d47ac1b4297b604a22) Importer(815301076,1909f56bfc062723c751e8b465ee728b)  -> (artifact id: 'cdecd31031bd36de2dc564ae7065af7b') in 0.013681 seconds 
========================================================================
Received Import Request.
  Time since last request: 0.000210 seconds.
  path: Assets/sumPause/Sprites/stop.png
  artifactKey: Guid(6ac9a665502ce0a4fa2b92c8c17bea65) Importer(815301076,1909f56bfc062723c751e8b465ee728b)
Start importing Assets/sumPause/Sprites/stop.png using Guid(6ac9a665502ce0a4fa2b92c8c17bea65) Importer(815301076,1909f56bfc062723c751e8b465ee728b)  -> (artifact id: '6deed519dbcd3c694ddec1dba0796f25') in 0.014538 seconds 
========================================================================
Received Import Request.
  Time since last request: 0.000143 seconds.
  path: Assets/sumPause/Sprites/stop 1.png
  artifactKey: Guid(436f975c0b804dc44917afa608858dc8) Importer(815301076,1909f56bfc062723c751e8b465ee728b)
Start importing Assets/sumPause/Sprites/stop 1.png using Guid(436f975c0b804dc44917afa608858dc8) Importer(815301076,1909f56bfc062723c751e8b465ee728b)  -> (artifact id: 'ee9db47e3d13f299312a423981a22a6a') in 0.010820 seconds 
========================================================================
Received Import Request.
  Time since last request: 0.000119 seconds.
  path: Assets/sumPause/Sprites/right 1.png
  artifactKey: Guid(a32a5988729b3514d828353225c0971c) Importer(815301076,1909f56bfc062723c751e8b465ee728b)
Start importing Assets/sumPause/Sprites/right 1.png using Guid(a32a5988729b3514d828353225c0971c) Importer(815301076,1909f56bfc062723c751e8b465ee728b)  -> (artifact id: 'd387a85a798812e255ea7d4ca72f9906') in 0.018554 seconds 
========================================================================
Received Import Request.
  Time since last request: 0.000142 seconds.
  path: Assets/sumPause/Sprites/right.png
  artifactKey: Guid(293b8de772859414c85e314a3bf5f68b) Importer(815301076,1909f56bfc062723c751e8b465ee728b)
Start importing Assets/sumPause/Sprites/right.png using Guid(293b8de772859414c85e314a3bf5f68b) Importer(815301076,1909f56bfc062723c751e8b465ee728b)  -> (artifact id: '49aab6dfac0763e8167ca2a856824fef') in 0.013729 seconds 
========================================================================
Received Import Request.
  Time since last request: 0.000127 seconds.
  path: Assets/sumPause/Sprites/pause 1.png
  artifactKey: Guid(4e3cd935cdde76f4d9ae23d40d4623bf) Importer(815301076,1909f56bfc062723c751e8b465ee728b)
Start importing Assets/sumPause/Sprites/pause 1.png using Guid(4e3cd935cdde76f4d9ae23d40d4623bf) Importer(815301076,1909f56bfc062723c751e8b465ee728b)  -> (artifact id: '5f04ab10b6ae0b99f0ca0f4b98fd9326') in 0.015564 seconds 
========================================================================
Received Import Request.
  Time since last request: 38.877313 seconds.
  path: Assets/Scenes/SampleScene.unity
  artifactKey: Guid(ffd99d61d2b13be41bc6ffd6a0bcb909) Importer(815301076,1909f56bfc062723c751e8b465ee728b)
Start importing Assets/Scenes/SampleScene.unity using Guid(ffd99d61d2b13be41bc6ffd6a0bcb909) Importer(815301076,1909f56bfc062723c751e8b465ee728b)  -> (artifact id: '66a0e848c2df12e6ae8317e585f9bab6') in 0.006897 seconds 
========================================================================
Received Import Request.
  Time since last request: 8.667197 seconds.
  path: Assets/Scenes/gamePart.unity
  artifactKey: Guid(ffd99d61d2b13be41bc6ffd6a0bcb909) Importer(815301076,1909f56bfc062723c751e8b465ee728b)
Start importing Assets/Scenes/gamePart.unity using Guid(ffd99d61d2b13be41bc6ffd6a0bcb909) Importer(815301076,1909f56bfc062723c751e8b465ee728b)  -> (artifact id: '60d4014302fe4f2050cca891469271ba') in 0.005471 seconds 
========================================================================
Received Import Request.
  Time since last request: 98.464240 seconds.
  path: ProjectSettings/TagManager.asset
  artifactKey: Guid(00000000000000003000000000000000) Importer(815301076,1909f56bfc062723c751e8b465ee728b)
Start importing ProjectSettings/TagManager.asset using Guid(00000000000000003000000000000000) Importer(815301076,1909f56bfc062723c751e8b465ee728b)  -> (artifact id: '244ac6ff6ac20770053305481e8db852') in 0.007498 seconds 
========================================================================
Received Import Request.
  Time since last request: 212.966956 seconds.
  path: Assets/prefabs/Button.prefab
  artifactKey: Guid(4aa069cf77a6b2e44b083d34eb5a500c) Importer(815301076,1909f56bfc062723c751e8b465ee728b)
Start importing Assets/prefabs/Button.prefab using Guid(4aa069cf77a6b2e44b083d34eb5a500c) Importer(815301076,1909f56bfc062723c751e8b465ee728b)  -> (artifact id: '65b9424425da6e5cae65ae96e5e85815') in 0.052857 seconds 
========================================================================
Received Import Request.
  Time since last request: 0.000135 seconds.
  path: Assets/prefabs/goal_1.prefab
  artifactKey: Guid(3dcdf52c76f097b489695a17063534d6) Importer(815301076,1909f56bfc062723c751e8b465ee728b)
Start importing Assets/prefabs/goal_1.prefab using Guid(3dcdf52c76f097b489695a17063534d6) Importer(815301076,1909f56bfc062723c751e8b465ee728b)  -> (artifact id: 'aea070dfc73d613b7562ff9acb90d856') in 0.028366 seconds 
========================================================================
Received Import Request.
  Time since last request: 0.000144 seconds.
  path: Assets/prefabs/Menu.prefab
  artifactKey: Guid(173890300be875e41b1fead91b6bc009) Importer(815301076,1909f56bfc062723c751e8b465ee728b)
Start importing Assets/prefabs/Menu.prefab using Guid(173890300be875e41b1fead91b6bc009) Importer(815301076,1909f56bfc062723c751e8b465ee728b)  -> (artifact id: '9a7cdacf4307604f258240b2e6a6f678') in 0.017695 seconds 
========================================================================
Received Import Request.
  Time since last request: 8.674544 seconds.
  path: Assets/prefabs
  artifactKey: Guid(9b2cf210a0cde8e4286ee1f88651671c) Importer(815301076,1909f56bfc062723c751e8b465ee728b)
Start importing Assets/prefabs using Guid(9b2cf210a0cde8e4286ee1f88651671c) Importer(815301076,1909f56bfc062723c751e8b465ee728b)  -> (artifact id: 'cb1c6129d5217bc82bf62573c2ff862d') in 0.006088 seconds 
========================================================================
Received Import Request.
  Time since last request: 24.973648 seconds.
  path: Assets/prefabs/Canvas.prefab
  artifactKey: Guid(7eac1a861ddeed84487d3552f66bbb3d) Importer(815301076,1909f56bfc062723c751e8b465ee728b)
Start importing Assets/prefabs/Canvas.prefab using Guid(7eac1a861ddeed84487d3552f66bbb3d) Importer(815301076,1909f56bfc062723c751e8b465ee728b)  -> (artifact id: 'fe6064cca2d873d7888498b8e2434c35') in 0.020963 seconds 
========================================================================
Received Import Request.
  Time since last request: 16.983663 seconds.
  path: Assets/prefabs/forSound.prefab
  artifactKey: Guid(d5c2eeb312b78184788fa3a873c0e320) Importer(815301076,1909f56bfc062723c751e8b465ee728b)
Start importing Assets/prefabs/forSound.prefab using Guid(d5c2eeb312b78184788fa3a873c0e320) Importer(815301076,1909f56bfc062723c751e8b465ee728b)  -> (artifact id: 'c3b61488a23698d299317f209545cf2e') in 0.006374 seconds 
========================================================================
Received Import Request.
  Time since last request: 15.584202 seconds.
  path: Assets/Scenes/gamePart.unity
  artifactKey: Guid(ffd99d61d2b13be41bc6ffd6a0bcb909) Importer(815301076,1909f56bfc062723c751e8b465ee728b)
Start importing Assets/Scenes/gamePart.unity using Guid(ffd99d61d2b13be41bc6ffd6a0bcb909) Importer(815301076,1909f56bfc062723c751e8b465ee728b)  -> (artifact id: '7440a43aa757b16752e84f44f68e7221') in 0.002269 seconds 
========================================================================
Received Prepare
Registering precompiled user dll's ...
Registered in 0.000740 seconds.
Begin MonoManager ReloadAssembly
Native extension for WindowsStandalone target not found
Refreshing native plugins compatible for Editor in 0.39 ms, found 1 plugins.
Preloading 0 native plugins for Editor in 0.00 ms.
Mono: successfully reloaded assembly
- Completed reload, in  0.706 seconds
Platform modules already initialized, skipping
Refreshing native plugins compatible for Editor in 0.33 ms, found 1 plugins.
Preloading 0 native plugins for Editor in 0.00 ms.
Unloading 1866 Unused Serialized files (Serialized files now loaded: 0)
System memory in use before: 96.7 MB.
System memory in use after: 96.8 MB.

Unloading 10 unused Assets to reduce memory usage. Loaded Objects now: 2478.
Total: 1.838000 ms (FindLiveObjects: 0.159800 ms CreateObjectMapping: 0.044700 ms MarkObjects: 1.616100 ms  DeleteObjects: 0.016800 ms)

========================================================================
Received Prepare
Registering precompiled user dll's ...
Registered in 0.000648 seconds.
Begin MonoManager ReloadAssembly
Native extension for WindowsStandalone target not found
Refreshing native plugins compatible for Editor in 0.37 ms, found 1 plugins.
Preloading 0 native plugins for Editor in 0.00 ms.
Mono: successfully reloaded assembly
- Completed reload, in  0.698 seconds
Platform modules already initialized, skipping
Refreshing native plugins compatible for Editor in 0.37 ms, found 1 plugins.
Preloading 0 native plugins for Editor in 0.00 ms.
Unloading 1858 Unused Serialized files (Serialized files now loaded: 0)
System memory in use before: 96.4 MB.
System memory in use after: 96.5 MB.

Unloading 8 unused Assets to reduce memory usage. Loaded Objects now: 2481.
Total: 1.838700 ms (FindLiveObjects: 0.157400 ms CreateObjectMapping: 0.043900 ms MarkObjects: 1.626800 ms  DeleteObjects: 0.009900 ms)

AssetImportWorkerClient::OnTransportError - code=2 error=End of file
